<?xml version="1.0" encoding="UTF-8"?>
<testng-results ignored="0" total="1" passed="1" failed="0" skipped="0">
  <reporter-output>
  </reporter-output>
  <suite started-at="2023-01-30T14:03:16 IST" name="Default suite" finished-at="2023-01-30T14:03:26 IST" duration-ms="10290">
    <groups>
    </groups>
    <test started-at="2023-01-30T14:03:16 IST" name="Default test" finished-at="2023-01-30T14:03:26 IST" duration-ms="10290">
      <class name="com.Adactin.Pom.Adactin_Testngtask">
        <test-method signature="loginpage()[pri:0, instance:com.Adactin.Pom.Adactin_Testngtask@267bbe1a]" started-at="2023-01-30T14:03:16 IST" name="loginpage" finished-at="2023-01-30T14:03:26 IST" duration-ms="10170" status="PASS">
          <reporter-output>
          </reporter-output>
        </test-method> <!-- loginpage -->
      </class> <!-- com.Adactin.Pom.Adactin_Testngtask -->
    </test> <!-- Default test -->
  </suite> <!-- Default suite -->
</testng-results>
